<?xml version="1.0" encoding="UTF-8"?>
<testng-results skipped="0" failed="0" total="2" passed="2">
  <reporter-output>
  </reporter-output>
  <suite name="Suite" duration-ms="86570" started-at="2015-01-26T22:17:20Z" finished-at="2015-01-26T22:18:47Z">
    <groups>
    </groups>
    <test name="Test" duration-ms="86570" started-at="2015-01-26T22:17:20Z" finished-at="2015-01-26T22:18:47Z">
      <class name="test.EbayTestCases">
        <test-method status="PASS" signature="beforeSuite()[pri:0, instance:test.EbayTestCases@7cf10a6f]" name="beforeSuite" is-config="true" duration-ms="23627" started-at="2015-01-26T18:16:56Z" finished-at="2015-01-26T18:17:20Z">
          <reporter-output>
          </reporter-output>
        </test-method> <!-- beforeSuite -->
        <test-method status="PASS" signature="beforeMethod()[pri:0, instance:test.EbayTestCases@7cf10a6f]" name="beforeMethod" is-config="true" duration-ms="12954" started-at="2015-01-26T18:17:20Z" finished-at="2015-01-26T18:17:33Z">
          <reporter-output>
          </reporter-output>
        </test-method> <!-- beforeMethod -->
        <test-method status="PASS" signature="buyingProducts()[pri:0, instance:test.EbayTestCases@7cf10a6f]" name="buyingProducts" duration-ms="54851" started-at="2015-01-26T18:17:33Z" finished-at="2015-01-26T18:18:28Z">
          <reporter-output>
          </reporter-output>
        </test-method> <!-- buyingProducts -->
        <test-method status="PASS" signature="afterMethod()[pri:0, instance:test.EbayTestCases@7cf10a6f]" name="afterMethod" is-config="true" duration-ms="2686" started-at="2015-01-26T18:18:28Z" finished-at="2015-01-26T18:18:31Z">
          <reporter-output>
          </reporter-output>
        </test-method> <!-- afterMethod -->
        <test-method status="PASS" signature="beforeMethod()[pri:0, instance:test.EbayTestCases@7cf10a6f]" name="beforeMethod" is-config="true" duration-ms="8369" started-at="2015-01-26T18:18:31Z" finished-at="2015-01-26T18:18:39Z">
          <reporter-output>
          </reporter-output>
        </test-method> <!-- beforeMethod -->
        <test-method status="PASS" signature="login()[pri:0, instance:test.EbayTestCases@7cf10a6f]" name="login" duration-ms="6631" started-at="2015-01-26T18:18:39Z" finished-at="2015-01-26T18:18:46Z">
          <reporter-output>
          </reporter-output>
        </test-method> <!-- login -->
        <test-method status="PASS" signature="afterMethod()[pri:0, instance:test.EbayTestCases@7cf10a6f]" name="afterMethod" is-config="true" duration-ms="1053" started-at="2015-01-26T18:18:46Z" finished-at="2015-01-26T18:18:47Z">
          <reporter-output>
          </reporter-output>
        </test-method> <!-- afterMethod -->
        <test-method status="PASS" signature="afterSuite()[pri:0, instance:test.EbayTestCases@7cf10a6f]" name="afterSuite" is-config="true" duration-ms="456" started-at="2015-01-26T18:18:47Z" finished-at="2015-01-26T18:18:47Z">
          <reporter-output>
          </reporter-output>
        </test-method> <!-- afterSuite -->
      </class> <!-- test.EbayTestCases -->
    </test> <!-- Test -->
  </suite> <!-- Suite -->
</testng-results>
